#
# There is insufficient memory for the Java Runtime Environment to continue.
# Native memory allocation (malloc) failed to allocate 2030896 bytes for Chunk::new
# Possible reasons:
#   The system is out of physical RAM or swap space
#   The process is running with CompressedOops enabled, and the Java Heap may be blocking the growth of the native heap
# Possible solutions:
#   Reduce memory load on the system
#   Increase physical memory or swap space
#   Check if swap backing store is full
#   Decrease Java heap size (-Xmx/-Xms)
#   Decrease number of Java threads
#   Decrease Java thread stack sizes (-Xss)
#   Set larger code cache with -XX:ReservedCodeCacheSize=
#   JVM is running with Zero Based Compressed Oops mode in which the Java heap is
#     placed in the first 32GB address space. The Java Heap base address is the
#     maximum limit for the native heap growth. Please use -XX:HeapBaseMinAddress
#     to set the Java Heap base and to place the Java Heap above 32GB virtual address.
# This output file may be truncated or incomplete.
#
#  Out of Memory Error (arena.cpp:189), pid=20920, tid=18688
#
# JRE version: OpenJDK Runtime Environment Temurin-17.0.1+12 (17.0.1+12) (build 17.0.1+12)
# Java VM: OpenJDK 64-Bit Server VM Temurin-17.0.1+12 (17.0.1+12, mixed mode, tiered, compressed oops, compressed class ptrs, g1 gc, windows-amd64)
# No core dump will be written. Minidumps are not enabled by default on client versions of Windows
#

---------------  S U M M A R Y ------------

Command Line: -Dfile.encoding=UTF-8 -XX:+ShowCodeDetailsInExceptionMessages com.game.GameWindow

Host: Intel(R) Core(TM) i5-10210U CPU @ 1.60GHz, 8 cores, 15G,  Windows 10 , 64 bit Build 22000 (10.0.22000.675)
Time: Wed Jun  1 20:01:42 2022  Windows 10 , 64 bit Build 22000 (10.0.22000.675) elapsed time: 25.417622 seconds (0d 0h 0m 25s)

---------------  T H R E A D  ---------------

Current thread (0x0000026f584b3340):  JavaThread "C2 CompilerThread0" daemon [_thread_in_native, id=18688, stack(0x000000b15e100000,0x000000b15e200000)]


Current CompileTask:
C2:  25417 1678       4       com.game.GameWindow::paint (1660 bytes)

Stack: [0x000000b15e100000,0x000000b15e200000]
Native frames: (J=compiled Java code, j=interpreted, Vv=VM code, C=native code)
V  [jvm.dll+0x6744da]
V  [jvm.dll+0x82e144]
V  [jvm.dll+0x82f8ee]
V  [jvm.dll+0x82ff53]
V  [jvm.dll+0x245175]
V  [jvm.dll+0xab85b]
V  [jvm.dll+0xabdec]
V  [jvm.dll+0x362eb2]
V  [jvm.dll+0x32d4c1]
V  [jvm.dll+0x32c96a]
V  [jvm.dll+0x218031]
V  [jvm.dll+0x217451]
V  [jvm.dll+0x1a355d]
V  [jvm.dll+0x226e38]
V  [jvm.dll+0x224f7c]
V  [jvm.dll+0x7e3f5b]
V  [jvm.dll+0x7de51a]
V  [jvm.dll+0x673305]
C  [ucrtbase.dll+0x26c0c]
C  [KERNEL32.DLL+0x154e0]
C  [ntdll.dll+0x485b]


---------------  P R O C E S S  ---------------

Threads class SMR info:
_java_thread_list=0x0000026f5b8c2230, length=17, elements={
0x0000026f39040370, 0x0000026f584080d0, 0x0000026f5840a6b0, 0x0000026f584b2000,
0x0000026f584b24d0, 0x0000026f584b29a0, 0x0000026f584b2e70, 0x0000026f584b3340,
0x0000026f584b3850, 0x0000026f58478520, 0x0000026f586001a0, 0x0000026f58600d10,
0x0000026f589d46a0, 0x0000026f589d4b70, 0x0000026f589d5040, 0x0000026f58a26af0,
0x0000026f5b2ed760
}

Java Threads: ( => current thread )
  0x0000026f39040370 JavaThread "main" [_thread_blocked, id=18636, stack(0x000000b15d400000,0x000000b15d500000)]
  0x0000026f584080d0 JavaThread "Reference Handler" daemon [_thread_blocked, id=22572, stack(0x000000b15db00000,0x000000b15dc00000)]
  0x0000026f5840a6b0 JavaThread "Finalizer" daemon [_thread_blocked, id=17340, stack(0x000000b15dc00000,0x000000b15dd00000)]
  0x0000026f584b2000 JavaThread "Signal Dispatcher" daemon [_thread_blocked, id=19776, stack(0x000000b15dd00000,0x000000b15de00000)]
  0x0000026f584b24d0 JavaThread "Attach Listener" daemon [_thread_blocked, id=26896, stack(0x000000b15de00000,0x000000b15df00000)]
  0x0000026f584b29a0 JavaThread "Service Thread" daemon [_thread_blocked, id=12260, stack(0x000000b15df00000,0x000000b15e000000)]
  0x0000026f584b2e70 JavaThread "Monitor Deflation Thread" daemon [_thread_blocked, id=9664, stack(0x000000b15e000000,0x000000b15e100000)]
=>0x0000026f584b3340 JavaThread "C2 CompilerThread0" daemon [_thread_in_native, id=18688, stack(0x000000b15e100000,0x000000b15e200000)]
  0x0000026f584b3850 JavaThread "C1 CompilerThread0" daemon [_thread_blocked, id=5908, stack(0x000000b15e200000,0x000000b15e300000)]
  0x0000026f58478520 JavaThread "Sweeper thread" daemon [_thread_blocked, id=5064, stack(0x000000b15e300000,0x000000b15e400000)]
  0x0000026f586001a0 JavaThread "Notification Thread" daemon [_thread_blocked, id=16472, stack(0x000000b15e400000,0x000000b15e500000)]
  0x0000026f58600d10 JavaThread "Common-Cleaner" daemon [_thread_blocked, id=16224, stack(0x000000b15e600000,0x000000b15e700000)]
  0x0000026f589d46a0 JavaThread "Java2D Disposer" daemon [_thread_blocked, id=3224, stack(0x000000b15e700000,0x000000b15e800000)]
  0x0000026f589d4b70 JavaThread "AWT-Shutdown" [_thread_blocked, id=21220, stack(0x000000b15e800000,0x000000b15e900000)]
  0x0000026f589d5040 JavaThread "AWT-Windows" daemon [_thread_in_native, id=10736, stack(0x000000b15e900000,0x000000b15ea00000)]
  0x0000026f58a26af0 JavaThread "AWT-EventQueue-0" [_thread_blocked, id=23476, stack(0x000000b15ea00000,0x000000b15eb00000)]
  0x0000026f5b2ed760 JavaThread "Image Fetcher 0" daemon [_thread_blocked, id=39300, stack(0x000000b15ec00000,0x000000b15ed00000)]

Other Threads:
  0x0000026f57afe7a0 VMThread "VM Thread" [stack: 0x000000b15da00000,0x000000b15db00000] [id=33292]
  0x0000026f58600a80 WatcherThread [stack: 0x000000b15e500000,0x000000b15e600000] [id=2184]
  0x0000026f39091440 GCTaskThread "GC Thread#0" [stack: 0x000000b15d500000,0x000000b15d600000] [id=11976]
  0x0000026f58bfecb0 GCTaskThread "GC Thread#1" [stack: 0x000000b15ee00000,0x000000b15ef00000] [id=37784]
  0x0000026f58bfef60 GCTaskThread "GC Thread#2" [stack: 0x000000b15ef00000,0x000000b15f000000] [id=7380]
  0x0000026f58bffa20 GCTaskThread "GC Thread#3" [stack: 0x000000b15f000000,0x000000b15f100000] [id=23916]
  0x0000026f58bffcd0 GCTaskThread "GC Thread#4" [stack: 0x000000b15f100000,0x000000b15f200000] [id=33000]
  0x0000026f58c03050 GCTaskThread "GC Thread#5" [stack: 0x000000b15f200000,0x000000b15f300000] [id=34204]
  0x0000026f58afab10 GCTaskThread "GC Thread#6" [stack: 0x000000b15f300000,0x000000b15f400000] [id=30168]
  0x0000026f390a1e90 ConcurrentGCThread "G1 Main Marker" [stack: 0x000000b15d600000,0x000000b15d700000] [id=34136]
  0x0000026f390a2df0 ConcurrentGCThread "G1 Conc#0" [stack: 0x000000b15d700000,0x000000b15d800000] [id=5544]
  0x0000026f579b20c0 ConcurrentGCThread "G1 Refine#0" [stack: 0x000000b15d800000,0x000000b15d900000] [id=19336]
  0x0000026f579b24a0 ConcurrentGCThread "G1 Service" [stack: 0x000000b15d900000,0x000000b15da00000] [id=27800]

Threads with active compile tasks:
C2 CompilerThread0    25442 1678       4       com.game.GameWindow::paint (1660 bytes)

VM state: not at safepoint (normal execution)

VM Mutex/Monitor currently owned by a thread: None

Heap address: 0x0000000702a00000, size: 4054 MB, Compressed Oops mode: Zero based, Oop shift amount: 3

CDS archive(s) not mapped
Compressed class space mapped at: 0x0000000800000000-0x0000000840000000, reserved size: 1073741824
Narrow klass base: 0x0000000800000000, Narrow klass shift: 0, Narrow klass range: 0x40000000

GC Precious Log:
 CPUs: 8 total, 8 available
 Memory: 16212M
 Large Page Support: Disabled
 NUMA Support: Disabled
 Compressed Oops: Enabled (Zero based)
 Heap Region Size: 2M
 Heap Min Capacity: 8M
 Heap Initial Capacity: 254M
 Heap Max Capacity: 4054M
 Pre-touch: Disabled
 Parallel Workers: 8
 Concurrent Workers: 2
 Concurrent Refinement Workers: 8
 Periodic GC: Disabled

Heap:
 garbage-first heap   total 260096K, used 53418K [0x0000000702a00000, 0x0000000800000000)
  region size 2048K, 16 young (32768K), 2 survivors (4096K)
 Metaspace       used 13959K, committed 14144K, reserved 1064960K
  class space    used 1289K, committed 1408K, reserved 1048576K

Heap Regions: E=young(eden), S=young(survivor), O=old, HS=humongous(starts), HC=humongous(continues), CS=collection set, F=free, OA=open archive, CA=closed archive, TAMS=top-at-mark-start (previous, next)
|   0|0x0000000702a00000, 0x0000000702c00000, 0x0000000702c00000|100%|HS|  |TAMS 0x0000000702a00000, 0x0000000702a00000| Complete 
|   1|0x0000000702c00000, 0x0000000702e00000, 0x0000000702e00000|100%|HS|  |TAMS 0x0000000702c00000, 0x0000000702c00000| Complete 
|   2|0x0000000702e00000, 0x0000000703000000, 0x0000000703000000|100%|HC|  |TAMS 0x0000000702e00000, 0x0000000702e00000| Complete 
|   3|0x0000000703000000, 0x0000000703200000, 0x0000000703200000|100%|HC|  |TAMS 0x0000000703000000, 0x0000000703000000| Complete 
|   4|0x0000000703200000, 0x0000000703400000, 0x0000000703400000|100%|HC|  |TAMS 0x0000000703200000, 0x0000000703200000| Complete 
|   5|0x0000000703400000, 0x0000000703600000, 0x0000000703600000|100%|HC|  |TAMS 0x0000000703400000, 0x0000000703400000| Complete 
|   6|0x0000000703600000, 0x0000000703800000, 0x0000000703800000|100%|HC|  |TAMS 0x0000000703600000, 0x0000000703600000| Complete 
|   7|0x0000000703800000, 0x0000000703a00000, 0x0000000703a00000|100%|HC|  |TAMS 0x0000000703800000, 0x0000000703800000| Complete 
|   8|0x0000000703a00000, 0x0000000703c00000, 0x0000000703c00000|100%|HC|  |TAMS 0x0000000703a00000, 0x0000000703a00000| Complete 
|   9|0x0000000703c00000, 0x0000000703e00000, 0x0000000703e00000|100%|HC|  |TAMS 0x0000000703c00000, 0x0000000703c00000| Complete 
|  10|0x0000000703e00000, 0x0000000704000000, 0x0000000704000000|100%|HC|  |TAMS 0x0000000703e00000, 0x0000000703e00000| Complete 
|  11|0x0000000704000000, 0x0000000704200000, 0x0000000704200000|100%|HC|  |TAMS 0x0000000704000000, 0x0000000704000000| Complete 
|  12|0x0000000704200000, 0x0000000704200000, 0x0000000704400000|  0%| F|  |TAMS 0x0000000704200000, 0x0000000704200000| Untracked 
|  13|0x0000000704400000, 0x0000000704400000, 0x0000000704600000|  0%| F|  |TAMS 0x0000000704400000, 0x0000000704400000| Untracked 
|  14|0x0000000704600000, 0x0000000704600000, 0x0000000704800000|  0%| F|  |TAMS 0x0000000704600000, 0x0000000704600000| Untracked 
|  15|0x0000000704800000, 0x0000000704800000, 0x0000000704a00000|  0%| F|  |TAMS 0x0000000704800000, 0x0000000704800000| Untracked 
|  16|0x0000000704a00000, 0x0000000704a00000, 0x0000000704c00000|  0%| F|  |TAMS 0x0000000704a00000, 0x0000000704a00000| Untracked 
|  17|0x0000000704c00000, 0x0000000704c00000, 0x0000000704e00000|  0%| F|  |TAMS 0x0000000704c00000, 0x0000000704c00000| Untracked 
|  18|0x0000000704e00000, 0x0000000704e00000, 0x0000000705000000|  0%| F|  |TAMS 0x0000000704e00000, 0x0000000704e00000| Untracked 
|  19|0x0000000705000000, 0x0000000705000000, 0x0000000705200000|  0%| F|  |TAMS 0x0000000705000000, 0x0000000705000000| Untracked 
|  20|0x0000000705200000, 0x0000000705200000, 0x0000000705400000|  0%| F|  |TAMS 0x0000000705200000, 0x0000000705200000| Untracked 
|  21|0x0000000705400000, 0x0000000705400000, 0x0000000705600000|  0%| F|  |TAMS 0x0000000705400000, 0x0000000705400000| Untracked 
|  22|0x0000000705600000, 0x0000000705600000, 0x0000000705800000|  0%| F|  |TAMS 0x0000000705600000, 0x0000000705600000| Untracked 
|  23|0x0000000705800000, 0x0000000705800000, 0x0000000705a00000|  0%| F|  |TAMS 0x0000000705800000, 0x0000000705800000| Untracked 
|  24|0x0000000705a00000, 0x0000000705a00000, 0x0000000705c00000|  0%| F|  |TAMS 0x0000000705a00000, 0x0000000705a00000| Untracked 
|  25|0x0000000705c00000, 0x0000000705c00000, 0x0000000705e00000|  0%| F|  |TAMS 0x0000000705c00000, 0x0000000705c00000| Untracked 
|  26|0x0000000705e00000, 0x0000000705e00000, 0x0000000706000000|  0%| F|  |TAMS 0x0000000705e00000, 0x0000000705e00000| Untracked 
|  27|0x0000000706000000, 0x0000000706000000, 0x0000000706200000|  0%| F|  |TAMS 0x0000000706000000, 0x0000000706000000| Untracked 
|  28|0x0000000706200000, 0x0000000706200000, 0x0000000706400000|  0%| F|  |TAMS 0x0000000706200000, 0x0000000706200000| Untracked 
|  29|0x0000000706400000, 0x0000000706400000, 0x0000000706600000|  0%| F|  |TAMS 0x0000000706400000, 0x0000000706400000| Untracked 
|  30|0x0000000706600000, 0x0000000706600000, 0x0000000706800000|  0%| F|  |TAMS 0x0000000706600000, 0x0000000706600000| Untracked 
|  31|0x0000000706800000, 0x0000000706800000, 0x0000000706a00000|  0%| F|  |TAMS 0x0000000706800000, 0x0000000706800000| Untracked 
|  32|0x0000000706a00000, 0x0000000706a00000, 0x0000000706c00000|  0%| F|  |TAMS 0x0000000706a00000, 0x0000000706a00000| Untracked 
|  33|0x0000000706c00000, 0x0000000706c00000, 0x0000000706e00000|  0%| F|  |TAMS 0x0000000706c00000, 0x0000000706c00000| Untracked 
|  34|0x0000000706e00000, 0x0000000706e00000, 0x0000000707000000|  0%| F|  |TAMS 0x0000000706e00000, 0x0000000706e00000| Untracked 
|  35|0x0000000707000000, 0x0000000707000000, 0x0000000707200000|  0%| F|  |TAMS 0x0000000707000000, 0x0000000707000000| Untracked 
|  36|0x0000000707200000, 0x0000000707200000, 0x0000000707400000|  0%| F|  |TAMS 0x0000000707200000, 0x0000000707200000| Untracked 
|  37|0x0000000707400000, 0x0000000707400000, 0x0000000707600000|  0%| F|  |TAMS 0x0000000707400000, 0x0000000707400000| Untracked 
|  38|0x0000000707600000, 0x0000000707600000, 0x0000000707800000|  0%| F|  |TAMS 0x0000000707600000, 0x0000000707600000| Untracked 
|  39|0x0000000707800000, 0x0000000707800000, 0x0000000707a00000|  0%| F|  |TAMS 0x0000000707800000, 0x0000000707800000| Untracked 
|  40|0x0000000707a00000, 0x0000000707a00000, 0x0000000707c00000|  0%| F|  |TAMS 0x0000000707a00000, 0x0000000707a00000| Untracked 
|  41|0x0000000707c00000, 0x0000000707c00000, 0x0000000707e00000|  0%| F|  |TAMS 0x0000000707c00000, 0x0000000707c00000| Untracked 
|  42|0x0000000707e00000, 0x0000000707e00000, 0x0000000708000000|  0%| F|  |TAMS 0x0000000707e00000, 0x0000000707e00000| Untracked 
|  43|0x0000000708000000, 0x0000000708000000, 0x0000000708200000|  0%| F|  |TAMS 0x0000000708000000, 0x0000000708000000| Untracked 
|  44|0x0000000708200000, 0x0000000708200000, 0x0000000708400000|  0%| F|  |TAMS 0x0000000708200000, 0x0000000708200000| Untracked 
|  45|0x0000000708400000, 0x0000000708400000, 0x0000000708600000|  0%| F|  |TAMS 0x0000000708400000, 0x0000000708400000| Untracked 
|  46|0x0000000708600000, 0x0000000708600000, 0x0000000708800000|  0%| F|  |TAMS 0x0000000708600000, 0x0000000708600000| Untracked 
|  47|0x0000000708800000, 0x0000000708800000, 0x0000000708a00000|  0%| F|  |TAMS 0x0000000708800000, 0x0000000708800000| Untracked 
|  48|0x0000000708a00000, 0x0000000708a00000, 0x0000000708c00000|  0%| F|  |TAMS 0x0000000708a00000, 0x0000000708a00000| Untracked 
|  49|0x0000000708c00000, 0x0000000708c00000, 0x0000000708e00000|  0%| F|  |TAMS 0x0000000708c00000, 0x0000000708c00000| Untracked 
|  50|0x0000000708e00000, 0x0000000708e00000, 0x0000000709000000|  0%| F|  |TAMS 0x0000000708e00000, 0x0000000708e00000| Untracked 
|  51|0x0000000709000000, 0x0000000709000000, 0x0000000709200000|  0%| F|  |TAMS 0x0000000709000000, 0x0000000709000000| Untracked 
|  52|0x0000000709200000, 0x0000000709200000, 0x0000000709400000|  0%| F|  |TAMS 0x0000000709200000, 0x0000000709200000| Untracked 
|  53|0x0000000709400000, 0x0000000709400000, 0x0000000709600000|  0%| F|  |TAMS 0x0000000709400000, 0x0000000709400000| Untracked 
|  54|0x0000000709600000, 0x0000000709600000, 0x0000000709800000|  0%| F|  |TAMS 0x0000000709600000, 0x0000000709600000| Untracked 
|  55|0x0000000709800000, 0x0000000709800000, 0x0000000709a00000|  0%| F|  |TAMS 0x0000000709800000, 0x0000000709800000| Untracked 
|  56|0x0000000709a00000, 0x0000000709a00000, 0x0000000709c00000|  0%| F|  |TAMS 0x0000000709a00000, 0x0000000709a00000| Untracked 
|  57|0x0000000709c00000, 0x0000000709c00000, 0x0000000709e00000|  0%| F|  |TAMS 0x0000000709c00000, 0x0000000709c00000| Untracked 
|  58|0x0000000709e00000, 0x0000000709e00000, 0x000000070a000000|  0%| F|  |TAMS 0x0000000709e00000, 0x0000000709e00000| Untracked 
|  59|0x000000070a000000, 0x000000070a000000, 0x000000070a200000|  0%| F|  |TAMS 0x000000070a000000, 0x000000070a000000| Untracked 
|  60|0x000000070a200000, 0x000000070a200000, 0x000000070a400000|  0%| F|  |TAMS 0x000000070a200000, 0x000000070a200000| Untracked 
|  61|0x000000070a400000, 0x000000070a400000, 0x000000070a600000|  0%| F|  |TAMS 0x000000070a400000, 0x000000070a400000| Untracked 
|  62|0x000000070a600000, 0x000000070a600000, 0x000000070a800000|  0%| F|  |TAMS 0x000000070a600000, 0x000000070a600000| Untracked 
|  63|0x000000070a800000, 0x000000070a800000, 0x000000070aa00000|  0%| F|  |TAMS 0x000000070a800000, 0x000000070a800000| Untracked 
|  64|0x000000070aa00000, 0x000000070aa00000, 0x000000070ac00000|  0%| F|  |TAMS 0x000000070aa00000, 0x000000070aa00000| Untracked 
|  65|0x000000070ac00000, 0x000000070ac00000, 0x000000070ae00000|  0%| F|  |TAMS 0x000000070ac00000, 0x000000070ac00000| Untracked 
|  66|0x000000070ae00000, 0x000000070ae00000, 0x000000070b000000|  0%| F|  |TAMS 0x000000070ae00000, 0x000000070ae00000| Untracked 
|  67|0x000000070b000000, 0x000000070b000000, 0x000000070b200000|  0%| F|  |TAMS 0x000000070b000000, 0x000000070b000000| Untracked 
|  68|0x000000070b200000, 0x000000070b200000, 0x000000070b400000|  0%| F|  |TAMS 0x000000070b200000, 0x000000070b200000| Untracked 
|  69|0x000000070b400000, 0x000000070b400000, 0x000000070b600000|  0%| F|  |TAMS 0x000000070b400000, 0x000000070b400000| Untracked 
|  70|0x000000070b600000, 0x000000070b600000, 0x000000070b800000|  0%| F|  |TAMS 0x000000070b600000, 0x000000070b600000| Untracked 
|  71|0x000000070b800000, 0x000000070b800000, 0x000000070ba00000|  0%| F|  |TAMS 0x000000070b800000, 0x000000070b800000| Untracked 
|  72|0x000000070ba00000, 0x000000070ba00000, 0x000000070bc00000|  0%| F|  |TAMS 0x000000070ba00000, 0x000000070ba00000| Untracked 
|  73|0x000000070bc00000, 0x000000070bc00000, 0x000000070be00000|  0%| F|  |TAMS 0x000000070bc00000, 0x000000070bc00000| Untracked 
|  74|0x000000070be00000, 0x000000070be00000, 0x000000070c000000|  0%| F|  |TAMS 0x000000070be00000, 0x000000070be00000| Untracked 
|  75|0x000000070c000000, 0x000000070c000000, 0x000000070c200000|  0%| F|  |TAMS 0x000000070c000000, 0x000000070c000000| Untracked 
|  76|0x000000070c200000, 0x000000070c200000, 0x000000070c400000|  0%| F|  |TAMS 0x000000070c200000, 0x000000070c200000| Untracked 
|  77|0x000000070c400000, 0x000000070c400000, 0x000000070c600000|  0%| F|  |TAMS 0x000000070c400000, 0x000000070c400000| Untracked 
|  78|0x000000070c600000, 0x000000070c600000, 0x000000070c800000|  0%| F|  |TAMS 0x000000070c600000, 0x000000070c600000| Untracked 
|  79|0x000000070c800000, 0x000000070c800000, 0x000000070ca00000|  0%| F|  |TAMS 0x000000070c800000, 0x000000070c800000| Untracked 
|  80|0x000000070ca00000, 0x000000070ca00000, 0x000000070cc00000|  0%| F|  |TAMS 0x000000070ca00000, 0x000000070ca00000| Untracked 
|  81|0x000000070cc00000, 0x000000070cc00000, 0x000000070ce00000|  0%| F|  |TAMS 0x000000070cc00000, 0x000000070cc00000| Untracked 
|  82|0x000000070ce00000, 0x000000070ce00000, 0x000000070d000000|  0%| F|  |TAMS 0x000000070ce00000, 0x000000070ce00000| Untracked 
|  83|0x000000070d000000, 0x000000070d000000, 0x000000070d200000|  0%| F|  |TAMS 0x000000070d000000, 0x000000070d000000| Untracked 
|  84|0x000000070d200000, 0x000000070d200000, 0x000000070d400000|  0%| F|  |TAMS 0x000000070d200000, 0x000000070d200000| Untracked 
|  85|0x000000070d400000, 0x000000070d400000, 0x000000070d600000|  0%| F|  |TAMS 0x000000070d400000, 0x000000070d400000| Untracked 
|  86|0x000000070d600000, 0x000000070d600000, 0x000000070d800000|  0%| F|  |TAMS 0x000000070d600000, 0x000000070d600000| Untracked 
|  87|0x000000070d800000, 0x000000070d800000, 0x000000070da00000|  0%| F|  |TAMS 0x000000070d800000, 0x000000070d800000| Untracked 
|  88|0x000000070da00000, 0x000000070da00000, 0x000000070dc00000|  0%| F|  |TAMS 0x000000070da00000, 0x000000070da00000| Untracked 
|  89|0x000000070dc00000, 0x000000070dc00000, 0x000000070de00000|  0%| F|  |TAMS 0x000000070dc00000, 0x000000070dc00000| Untracked 
|  90|0x000000070de00000, 0x000000070de00000, 0x000000070e000000|  0%| F|  |TAMS 0x000000070de00000, 0x000000070de00000| Untracked 
|  91|0x000000070e000000, 0x000000070e000000, 0x000000070e200000|  0%| F|  |TAMS 0x000000070e000000, 0x000000070e000000| Untracked 
|  92|0x000000070e200000, 0x000000070e200000, 0x000000070e400000|  0%| F|  |TAMS 0x000000070e200000, 0x000000070e200000| Untracked 
|  93|0x000000070e400000, 0x000000070e400000, 0x000000070e600000|  0%| F|  |TAMS 0x000000070e400000, 0x000000070e400000| Untracked 
|  94|0x000000070e600000, 0x000000070e600000, 0x000000070e800000|  0%| F|  |TAMS 0x000000070e600000, 0x000000070e600000| Untracked 
|  95|0x000000070e800000, 0x000000070e800000, 0x000000070ea00000|  0%| F|  |TAMS 0x000000070e800000, 0x000000070e800000| Untracked 
|  96|0x000000070ea00000, 0x000000070ea00000, 0x000000070ec00000|  0%| F|  |TAMS 0x000000070ea00000, 0x000000070ea00000| Untracked 
|  97|0x000000070ec00000, 0x000000070ec00000, 0x000000070ee00000|  0%| F|  |TAMS 0x000000070ec00000, 0x000000070ec00000| Untracked 
|  98|0x000000070ee00000, 0x000000070ee00000, 0x000000070f000000|  0%| F|  |TAMS 0x000000070ee00000, 0x000000070ee00000| Untracked 
|  99|0x000000070f000000, 0x000000070f000000, 0x000000070f200000|  0%| F|  |TAMS 0x000000070f000000, 0x000000070f000000| Untracked 
| 100|0x000000070f200000, 0x000000070f200000, 0x000000070f400000|  0%| F|  |TAMS 0x000000070f200000, 0x000000070f200000| Untracked 
| 101|0x000000070f400000, 0x000000070f400000, 0x000000070f600000|  0%| F|  |TAMS 0x000000070f400000, 0x000000070f400000| Untracked 
| 102|0x000000070f600000, 0x000000070f600000, 0x000000070f800000|  0%| F|  |TAMS 0x000000070f600000, 0x000000070f600000| Untracked 
| 103|0x000000070f800000, 0x000000070f800000, 0x000000070fa00000|  0%| F|  |TAMS 0x000000070f800000, 0x000000070f800000| Untracked 
| 104|0x000000070fa00000, 0x000000070fa00000, 0x000000070fc00000|  0%| F|  |TAMS 0x000000070fa00000, 0x000000070fa00000| Untracked 
| 105|0x000000070fc00000, 0x000000070fc00000, 0x000000070fe00000|  0%| F|  |TAMS 0x000000070fc00000, 0x000000070fc00000| Untracked 
| 106|0x000000070fe00000, 0x000000070fe00000, 0x0000000710000000|  0%| F|  |TAMS 0x000000070fe00000, 0x000000070fe00000| Untracked 
| 107|0x0000000710000000, 0x0000000710000000, 0x0000000710200000|  0%| F|  |TAMS 0x0000000710000000, 0x0000000710000000| Untracked 
| 108|0x0000000710200000, 0x0000000710200000, 0x0000000710400000|  0%| F|  |TAMS 0x0000000710200000, 0x0000000710200000| Untracked 
| 109|0x0000000710400000, 0x0000000710400000, 0x0000000710600000|  0%| F|  |TAMS 0x0000000710400000, 0x0000000710400000| Untracked 
| 110|0x0000000710600000, 0x0000000710600000, 0x0000000710800000|  0%| F|  |TAMS 0x0000000710600000, 0x0000000710600000| Untracked 
| 111|0x0000000710800000, 0x00000007109c23f0, 0x0000000710a00000| 87%| E|  |TAMS 0x0000000710800000, 0x0000000710800000| Complete 
| 112|0x0000000710a00000, 0x0000000710c00000, 0x0000000710c00000|100%| E|CS|TAMS 0x0000000710a00000, 0x0000000710a00000| Complete 
| 113|0x0000000710c00000, 0x0000000710e00000, 0x0000000710e00000|100%| E|CS|TAMS 0x0000000710c00000, 0x0000000710c00000| Complete 
| 114|0x0000000710e00000, 0x0000000710e2aaa0, 0x0000000711000000|  8%| S|CS|TAMS 0x0000000710e00000, 0x0000000710e00000| Complete 
| 115|0x0000000711000000, 0x0000000711200000, 0x0000000711200000|100%| S|CS|TAMS 0x0000000711000000, 0x0000000711000000| Complete 
| 116|0x0000000711200000, 0x0000000711400000, 0x0000000711400000|100%| E|CS|TAMS 0x0000000711200000, 0x0000000711200000| Complete 
| 117|0x0000000711400000, 0x0000000711600000, 0x0000000711600000|100%| E|CS|TAMS 0x0000000711400000, 0x0000000711400000| Complete 
| 118|0x0000000711600000, 0x0000000711800000, 0x0000000711800000|100%| E|CS|TAMS 0x0000000711600000, 0x0000000711600000| Complete 
| 119|0x0000000711800000, 0x0000000711a00000, 0x0000000711a00000|100%| E|CS|TAMS 0x0000000711800000, 0x0000000711800000| Complete 
| 120|0x0000000711a00000, 0x0000000711c00000, 0x0000000711c00000|100%| E|CS|TAMS 0x0000000711a00000, 0x0000000711a00000| Complete 
| 121|0x0000000711c00000, 0x0000000711e00000, 0x0000000711e00000|100%| E|CS|TAMS 0x0000000711c00000, 0x0000000711c00000| Complete 
| 122|0x0000000711e00000, 0x0000000712000000, 0x0000000712000000|100%| E|CS|TAMS 0x0000000711e00000, 0x0000000711e00000| Complete 
| 123|0x0000000712000000, 0x0000000712200000, 0x0000000712200000|100%| E|CS|TAMS 0x0000000712000000, 0x0000000712000000| Complete 
| 124|0x0000000712200000, 0x0000000712400000, 0x0000000712400000|100%| E|CS|TAMS 0x0000000712200000, 0x0000000712200000| Complete 
| 125|0x0000000712400000, 0x0000000712600000, 0x0000000712600000|100%| E|CS|TAMS 0x0000000712400000, 0x0000000712400000| Complete 
| 126|0x0000000712600000, 0x0000000712800000, 0x0000000712800000|100%| E|CS|TAMS 0x0000000712600000, 0x0000000712600000| Complete 

Card table byte_map: [0x0000026f4c210000,0x0000026f4ca00000] _byte_map_base: 0x0000026f489fb000

Marking Bits (Prev, Next): (CMBitMap*) 0x0000026f39091800, (CMBitMap*) 0x0000026f39091840
 Prev Bits: [0x0000026f4d1f0000, 0x0000026f51148000)
 Next Bits: [0x0000026f51150000, 0x0000026f550a8000)

Polling page: 0x0000026f36ff0000

Metaspace:

Usage:
  Non-class:     12.37 MB used.
      Class:      1.26 MB used.
       Both:     13.63 MB used.

Virtual space:
  Non-class space:       16.00 MB reserved,      12.44 MB ( 78%) committed,  2 nodes.
      Class space:        1.00 GB reserved,       1.38 MB ( <1%) committed,  1 nodes.
             Both:        1.02 GB reserved,      13.81 MB (  1%) committed. 

Chunk freelists:
   Non-Class:  2.95 MB
       Class:  2.60 MB
        Both:  5.56 MB

MaxMetaspaceSize: unlimited
CompressedClassSpaceSize: 1.00 GB
Initial GC threshold: 21.00 MB
Current GC threshold: 21.00 MB
CDS: off
MetaspaceReclaimPolicy: balanced
 - commit_granule_bytes: 65536.
 - commit_granule_words: 8192.
 - virtual_space_node_default_size: 1048576.
 - enlarge_chunks_in_place: 1.
 - new_chunks_are_fully_committed: 0.
 - uncommit_free_chunks: 1.
 - use_allocation_guard: 0.
 - handle_deallocations: 1.


Internal statistics:

num_allocs_failed_limit: 0.
num_arena_births: 124.
num_arena_deaths: 0.
num_vsnodes_births: 3.
num_vsnodes_deaths: 0.
num_space_committed: 221.
num_space_uncommitted: 0.
num_chunks_returned_to_freelist: 0.
num_chunks_taken_from_freelist: 205.
num_chunk_merges: 0.
num_chunk_splits: 106.
num_chunks_enlarged: 41.
num_purges: 0.
num_inconsistent_stats: 0.

CodeHeap 'non-profiled nmethods': size=120000Kb used=693Kb max_used=693Kb free=119306Kb
 bounds [0x0000026f441c0000, 0x0000026f44430000, 0x0000026f4b6f0000]
CodeHeap 'profiled nmethods': size=120000Kb used=3207Kb max_used=3207Kb free=116792Kb
 bounds [0x0000026f3cc90000, 0x0000026f3cfc0000, 0x0000026f441c0000]
CodeHeap 'non-nmethods': size=5760Kb used=1248Kb max_used=1309Kb free=4511Kb
 bounds [0x0000026f3c6f0000, 0x0000026f3c960000, 0x0000026f3cc90000]
 total_blobs=2245 nmethods=1677 adapters=481
 compilation: enabled
              stopped_count=0, restarted_count=0
 full_count=0

Compilation events (20 events):
Event: 21.449 Thread 0x0000026f584b3850 nmethod 1668 0x0000026f3cfb1410 code [0x0000026f3cfb15c0, 0x0000026f3cfb1828]
Event: 21.529 Thread 0x0000026f584b3340 1669       4       java.security.AccessControlContext::<init> (63 bytes)
Event: 21.531 Thread 0x0000026f584b3340 nmethod 1669 0x0000026f4426a110 code [0x0000026f4426a280, 0x0000026f4426a578]
Event: 21.922 Thread 0x0000026f584b3340 1670       4       java.awt.Rectangle::getWidth (6 bytes)
Event: 21.922 Thread 0x0000026f584b3340 nmethod 1670 0x0000026f4426a690 code [0x0000026f4426a800, 0x0000026f4426a878]
Event: 21.922 Thread 0x0000026f584b3340 1671       4       java.awt.Rectangle::getHeight (6 bytes)
Event: 21.923 Thread 0x0000026f584b3340 nmethod 1671 0x0000026f4426a990 code [0x0000026f4426ab00, 0x0000026f4426ab78]
Event: 22.631 Thread 0x0000026f584b3850 1672       1       java.util.concurrent.atomic.AtomicLong::get (5 bytes)
Event: 22.631 Thread 0x0000026f584b3850 nmethod 1672 0x0000026f4426ac90 code [0x0000026f4426ae20, 0x0000026f4426aef8]
Event: 23.155 Thread 0x0000026f584b3850 1673       3       java.security.AccessController::getContext (23 bytes)
Event: 23.155 Thread 0x0000026f584b3850 nmethod 1673 0x0000026f3cfb1910 code [0x0000026f3cfb1ae0, 0x0000026f3cfb1db8]
Event: 24.168 Thread 0x0000026f584b3340 1674       4       java.lang.StringUTF16::toLowerCase (299 bytes)
Event: 24.181 Thread 0x0000026f584b3340 nmethod 1674 0x0000026f4426af90 code [0x0000026f4426b1a0, 0x0000026f4426c0f8]
Event: 24.400 Thread 0x0000026f584b3340 1675       4       java.lang.ref.SoftReference::get (29 bytes)
Event: 24.401 Thread 0x0000026f584b3340 nmethod 1675 0x0000026f4426c910 code [0x0000026f4426ca80, 0x0000026f4426cb98]
Event: 24.841 Thread 0x0000026f584b3340 1676       4       sun.java2d.pipe.Region::clipRound (34 bytes)
Event: 24.841 Thread 0x0000026f584b3340 nmethod 1676 0x0000026f4426cc10 code [0x0000026f4426cdc0, 0x0000026f4426ceb8]
Event: 25.147 Thread 0x0000026f584b3340 1677       4       java.awt.Component::contains (7 bytes)
Event: 25.148 Thread 0x0000026f584b3340 nmethod 1677 0x0000026f4426cf90 code [0x0000026f4426d100, 0x0000026f4426d1f8]
Event: 25.307 Thread 0x0000026f584b3340 1678       4       com.game.GameWindow::paint (1660 bytes)

GC Heap History (2 events):
Event: 0.820 GC heap before
{Heap before GC invocations=0 (full 0):
 garbage-first heap   total 260096K, used 47104K [0x0000000702a00000, 0x0000000800000000)
  region size 2048K, 11 young (22528K), 0 survivors (0K)
 Metaspace       used 12230K, committed 12416K, reserved 1064960K
  class space    used 1186K, committed 1280K, reserved 1048576K
}
Event: 0.824 GC heap after
{Heap after GC invocations=1 (full 0):
 garbage-first heap   total 260096K, used 26794K [0x0000000702a00000, 0x0000000800000000)
  region size 2048K, 2 young (4096K), 2 survivors (4096K)
 Metaspace       used 12230K, committed 12416K, reserved 1064960K
  class space    used 1186K, committed 1280K, reserved 1048576K
}

Deoptimization events (20 events):
Event: 0.778 Thread 0x0000026f58a26af0 DEOPT PACKING pc=0x0000026f441ead9c sp=0x000000b15eafe010
Event: 0.778 Thread 0x0000026f58a26af0 DEOPT UNPACKING pc=0x0000026f3c7423a3 sp=0x000000b15eafdf80 mode 2
Event: 0.990 Thread 0x0000026f58a26af0 Uncommon trap: trap_request=0xffffff45 fr.pc=0x0000026f441fc2a8 relative=0x00000000000003e8
Event: 0.990 Thread 0x0000026f58a26af0 Uncommon trap: reason=unstable_if action=reinterpret pc=0x0000026f441fc2a8 method=java.lang.Character.isSurrogate(C)Z @ 3 c2
Event: 0.990 Thread 0x0000026f58a26af0 DEOPT PACKING pc=0x0000026f441fc2a8 sp=0x000000b15eafdb20
Event: 0.990 Thread 0x0000026f58a26af0 DEOPT UNPACKING pc=0x0000026f3c7423a3 sp=0x000000b15eafda38 mode 2
Event: 0.990 Thread 0x0000026f58a26af0 Uncommon trap: trap_request=0xffffff45 fr.pc=0x0000026f441eedb8 relative=0x0000000000000038
Event: 0.990 Thread 0x0000026f58a26af0 Uncommon trap: reason=unstable_if action=reinterpret pc=0x0000026f441eedb8 method=java.lang.Character.isSurrogate(C)Z @ 3 c2
Event: 0.990 Thread 0x0000026f58a26af0 DEOPT PACKING pc=0x0000026f441eedb8 sp=0x000000b15eafda90
Event: 0.990 Thread 0x0000026f58a26af0 DEOPT UNPACKING pc=0x0000026f3c7423a3 sp=0x000000b15eafda28 mode 2
Event: 2.048 Thread 0x0000026f58a93540 Uncommon trap: trap_request=0xffffff45 fr.pc=0x0000026f441f1c74 relative=0x0000000000000074
Event: 2.048 Thread 0x0000026f58a93540 Uncommon trap: reason=unstable_if action=reinterpret pc=0x0000026f441f1c74 method=jdk.internal.misc.Unsafe.convEndian(ZI)I @ 4 c2
Event: 2.048 Thread 0x0000026f58a93540 DEOPT PACKING pc=0x0000026f441f1c74 sp=0x000000b15ecfd9d0
Event: 2.048 Thread 0x0000026f58a93540 DEOPT UNPACKING pc=0x0000026f3c7423a3 sp=0x000000b15ecfd8d8 mode 2
Event: 13.407 Thread 0x0000026f58a26af0 DEOPT PACKING pc=0x0000026f3ceb8525 sp=0x000000b15eafebd0
Event: 13.407 Thread 0x0000026f58a26af0 DEOPT UNPACKING pc=0x0000026f3c742b43 sp=0x000000b15eafe060 mode 0
Event: 22.765 Thread 0x0000026f58a26af0 Uncommon trap: trap_request=0xffffff45 fr.pc=0x0000026f442551b0 relative=0x0000000000000270
Event: 22.765 Thread 0x0000026f58a26af0 Uncommon trap: reason=unstable_if action=reinterpret pc=0x0000026f442551b0 method=java.security.AccessController.getContext()Ljava/security/AccessControlContext; @ 5 c2
Event: 22.765 Thread 0x0000026f58a26af0 DEOPT PACKING pc=0x0000026f442551b0 sp=0x000000b15eafdfa0
Event: 22.765 Thread 0x0000026f58a26af0 DEOPT UNPACKING pc=0x0000026f3c7423a3 sp=0x000000b15eafdf48 mode 2

Classes unloaded (0 events):
No events

Classes redefined (0 events):
No events

Internal exceptions (15 events):
Event: 0.182 Thread 0x0000026f39040370 Exception <a 'java/lang/ClassNotFoundException'{0x00000007127d3228}: sun/awt/resources/spi/awtProvider> (0x00000007127d3228) 
thrown [e:\jenkins\tmp\workspace\build\src\src\hotspot\share\classfile\systemDictionary.cpp, line 256]
Event: 0.235 Thread 0x0000026f39040370 Exception <a 'java/io/FileNotFoundException'{0x000000071242f460}> (0x000000071242f460) 
thrown [e:\jenkins\tmp\workspace\build\src\src\hotspot\share\prims\jni.cpp, line 516]
Event: 0.247 Thread 0x0000026f39040370 Exception <a 'java/io/FileNotFoundException'{0x000000071245c530}> (0x000000071245c530) 
thrown [e:\jenkins\tmp\workspace\build\src\src\hotspot\share\prims\jni.cpp, line 516]
Event: 0.319 Thread 0x0000026f39040370 Exception <a 'java/lang/NoSuchMethodError'{0x00000007124ae7a0}: 'java.lang.Object java.lang.invoke.DirectMethodHandle$Holder.invokeStaticInit(java.lang.Object)'> (0x00000007124ae7a0) 
thrown [e:\jenkins\tmp\workspace\build\src\src\hotspot\share\interpreter\linkResolver.cpp, line 766]
Event: 0.447 Thread 0x0000026f39040370 Exception <a 'java/lang/NoSuchMethodError'{0x0000000712569668}: 'void java.lang.invoke.DirectMethodHandle$Holder.invokeSpecial(java.lang.Object, java.lang.Object, java.lang.Object)'> (0x0000000712569668) 
thrown [e:\jenkins\tmp\workspace\build\src\src\hotspot\share\interpreter\linkResolver.cpp, line 766]
Event: 0.456 Thread 0x0000026f39040370 Exception <a 'java/lang/NoSuchMethodError'{0x0000000712593938}: 'java.lang.Object java.lang.invoke.DirectMethodHandle$Holder.newInvokeSpecial(java.lang.Object, java.lang.Object, java.lang.Object, java.lang.Object, java.lang.Object)'> (0x0000000712593938) 
thrown [e:\jenkins\tmp\workspace\build\src\src\hotspot\share\interpreter\linkResolver.cpp, line 766]
Event: 0.458 Thread 0x0000026f39040370 Exception <a 'java/lang/NoSuchMethodError'{0x000000071259f300}: 'java.lang.Object java.lang.invoke.DirectMethodHandle$Holder.invokeStatic(java.lang.Object, int, java.lang.Object, java.lang.Object, java.lang.Object, java.lang.Object)'> (0x000000071259f300) 
thrown [e:\jenkins\tmp\workspace\build\src\src\hotspot\share\interpreter\linkResolver.cpp, line 766]
Event: 0.463 Thread 0x0000026f39040370 Exception <a 'java/lang/NoSuchMethodError'{0x00000007125c4d10}: 'java.lang.Object java.lang.invoke.DirectMethodHandle$Holder.invokeStatic(java.lang.Object, int, java.lang.Object)'> (0x00000007125c4d10) 
thrown [e:\jenkins\tmp\workspace\build\src\src\hotspot\share\interpreter\linkResolver.cpp, line 766]
Event: 0.489 Thread 0x0000026f39040370 Exception <a 'java/lang/ClassNotFoundException'{0x000000071227d030}: com/sun/swing/internal/plaf/metal/resources/spi/metalProvider> (0x000000071227d030) 
thrown [e:\jenkins\tmp\workspace\build\src\src\hotspot\share\classfile\systemDictionary.cpp, line 256]
Event: 0.491 Thread 0x0000026f39040370 Exception <a 'java/lang/ClassNotFoundException'{0x0000000712282bc8}: com/sun/swing/internal/plaf/basic/resources/spi/basicProvider> (0x0000000712282bc8) 
thrown [e:\jenkins\tmp\workspace\build\src\src\hotspot\share\classfile\systemDictionary.cpp, line 256]
Event: 0.521 Thread 0x0000026f589d5040 Exception <a 'java/lang/NoSuchMethodError'{0x00000007124f1290}: 'void java.lang.invoke.DirectMethodHandle$Holder.invokeVirtual(java.lang.Object, java.lang.Object)'> (0x00000007124f1290) 
thrown [e:\jenkins\tmp\workspace\build\src\src\hotspot\share\interpreter\linkResolver.cpp, line 766]
Event: 0.542 Thread 0x0000026f39040370 Exception <a 'java/lang/NoSuchMethodError'{0x00000007122ca7a0}: 'void java.lang.invoke.DirectMethodHandle$Holder.invokeStaticInit(java.lang.Object)'> (0x00000007122ca7a0) 
thrown [e:\jenkins\tmp\workspace\build\src\src\hotspot\share\interpreter\linkResolver.cpp, line 766]
Event: 0.697 Thread 0x0000026f58a93e20 Exception <a 'java/lang/NoSuchMethodError'{0x00000007120821d8}: 'java.lang.Object java.lang.invoke.DirectMethodHandle$Holder.newInvokeSpecial(java.lang.Object, java.lang.Object, java.lang.Object, int, int, int, int, int)'> (0x00000007120821d8) 
thrown [e:\jenkins\tmp\workspace\build\src\src\hotspot\share\interpreter\linkResolver.cpp, line 766]
Event: 0.697 Thread 0x0000026f58ac2b00 Exception <a 'java/lang/NoSuchMethodError'{0x00000007123cef38}: 'java.lang.Object java.lang.invoke.DirectMethodHandle$Holder.newInvokeSpecial(java.lang.Object, java.lang.Object, java.lang.Object, int, int, int, int, int)'> (0x00000007123cef38) 
thrown [e:\jenkins\tmp\workspace\build\src\src\hotspot\share\interpreter\linkResolver.cpp, line 766]
Event: 22.765 Thread 0x0000026f58a26af0 Implicit null exception at 0x0000026f44254f60 to 0x0000026f442551a2

VM Operations (20 events):
Event: 9.035 Executing VM operation: Cleanup
Event: 9.035 Executing VM operation: Cleanup done
Event: 11.036 Executing VM operation: Cleanup
Event: 11.036 Executing VM operation: Cleanup done
Event: 12.036 Executing VM operation: Cleanup
Event: 12.036 Executing VM operation: Cleanup done
Event: 14.037 Executing VM operation: Cleanup
Event: 14.037 Executing VM operation: Cleanup done
Event: 16.037 Executing VM operation: Cleanup
Event: 16.038 Executing VM operation: Cleanup done
Event: 18.038 Executing VM operation: Cleanup
Event: 18.038 Executing VM operation: Cleanup done
Event: 19.039 Executing VM operation: Cleanup
Event: 19.039 Executing VM operation: Cleanup done
Event: 22.040 Executing VM operation: Cleanup
Event: 22.040 Executing VM operation: Cleanup done
Event: 23.041 Executing VM operation: Cleanup
Event: 23.041 Executing VM operation: Cleanup done
Event: 25.041 Executing VM operation: Cleanup
Event: 25.041 Executing VM operation: Cleanup done

Events (20 events):
Event: 2.077 loading class sun/util/calendar/CalendarDate
Event: 2.078 loading class sun/util/calendar/CalendarDate done
Event: 2.078 loading class sun/util/calendar/BaseCalendar$Date done
Event: 2.078 loading class sun/util/calendar/Gregorian$Date done
Event: 2.078 loading class java/util/Date
Event: 2.078 loading class java/util/Date done
Event: 2.079 loading class sun/util/calendar/CalendarUtils
Event: 2.079 loading class sun/util/calendar/CalendarUtils done
Event: 2.260 loading class java/lang/Math$RandomNumberGeneratorHolder
Event: 2.260 loading class java/lang/Math$RandomNumberGeneratorHolder done
Event: 2.260 loading class java/util/Random
Event: 2.260 loading class java/util/random/RandomGenerator
Event: 2.261 loading class java/util/random/RandomGenerator done
Event: 2.261 loading class java/util/Random done
Event: 9.106 Thread 0x0000026f58a93e20 Thread exited: 0x0000026f58a93e20
Event: 9.131 Thread 0x0000026f58ac2b00 Thread exited: 0x0000026f58ac2b00
Event: 15.125 Thread 0x0000026f58a93540 Thread exited: 0x0000026f58a93540
Event: 21.529 loading class java/security/DomainCombiner
Event: 21.529 loading class java/security/DomainCombiner done
Event: 22.765 Thread 0x0000026f5b2ed760 Thread added: 0x0000026f5b2ed760


Dynamic libraries:
0x00007ff6e2e60000 - 0x00007ff6e2e6e000 	D:\eclipse-java-2021-12-R-win32-x86_64\eclipse\plugins\org.eclipse.justj.openjdk.hotspot.jre.full.win32.x86_64_17.0.1.v20211116-1657\jre\bin\javaw.exe
0x00007ff93be20000 - 0x00007ff93c029000 	C:\WINDOWS\SYSTEM32\ntdll.dll
0x00007ff93b050000 - 0x00007ff93b10d000 	C:\WINDOWS\System32\KERNEL32.DLL
0x00007ff939730000 - 0x00007ff939aa9000 	C:\WINDOWS\System32\KERNELBASE.dll
0x00007ff939310000 - 0x00007ff939421000 	C:\WINDOWS\System32\ucrtbase.dll
0x00007ff912b90000 - 0x00007ff912ba8000 	D:\eclipse-java-2021-12-R-win32-x86_64\eclipse\plugins\org.eclipse.justj.openjdk.hotspot.jre.full.win32.x86_64_17.0.1.v20211116-1657\jre\bin\jli.dll
0x00007ff912b70000 - 0x00007ff912b89000 	D:\eclipse-java-2021-12-R-win32-x86_64\eclipse\plugins\org.eclipse.justj.openjdk.hotspot.jre.full.win32.x86_64_17.0.1.v20211116-1657\jre\bin\VCRUNTIME140.dll
0x00007ff93b2e0000 - 0x00007ff93b48c000 	C:\WINDOWS\System32\USER32.dll
0x00007ff939640000 - 0x00007ff939666000 	C:\WINDOWS\System32\win32u.dll
0x00007ff91a550000 - 0x00007ff91a7f5000 	C:\WINDOWS\WinSxS\amd64_microsoft.windows.common-controls_6595b64144ccf1df_6.0.22000.120_none_9d947278b86cc467\COMCTL32.dll
0x00007ff93a560000 - 0x00007ff93a589000 	C:\WINDOWS\System32\GDI32.dll
0x00007ff93b5f0000 - 0x00007ff93b693000 	C:\WINDOWS\System32\msvcrt.dll
0x00007ff939ba0000 - 0x00007ff939cb2000 	C:\WINDOWS\System32\gdi32full.dll
0x00007ff939430000 - 0x00007ff9394cd000 	C:\WINDOWS\System32\msvcp_win.dll
0x00007ff93b8e0000 - 0x00007ff93b911000 	C:\WINDOWS\System32\IMM32.DLL
0x00007ff9121a0000 - 0x00007ff9121ac000 	D:\eclipse-java-2021-12-R-win32-x86_64\eclipse\plugins\org.eclipse.justj.openjdk.hotspot.jre.full.win32.x86_64_17.0.1.v20211116-1657\jre\bin\vcruntime140_1.dll
0x00007ff8bbc10000 - 0x00007ff8bbca1000 	D:\eclipse-java-2021-12-R-win32-x86_64\eclipse\plugins\org.eclipse.justj.openjdk.hotspot.jre.full.win32.x86_64_17.0.1.v20211116-1657\jre\bin\msvcp140.dll
0x00007ff8ab720000 - 0x00007ff8ac366000 	D:\eclipse-java-2021-12-R-win32-x86_64\eclipse\plugins\org.eclipse.justj.openjdk.hotspot.jre.full.win32.x86_64_17.0.1.v20211116-1657\jre\bin\server\jvm.dll
0x00007ff93b490000 - 0x00007ff93b53e000 	C:\WINDOWS\System32\ADVAPI32.dll
0x00007ff93ad60000 - 0x00007ff93adfe000 	C:\WINDOWS\System32\sechost.dll
0x00007ff93a3c0000 - 0x00007ff93a4e0000 	C:\WINDOWS\System32\RPCRT4.dll
0x00007ff93b8d0000 - 0x00007ff93b8d8000 	C:\WINDOWS\System32\PSAPI.DLL
0x00007ff92c660000 - 0x00007ff92c669000 	C:\WINDOWS\SYSTEM32\WSOCK32.dll
0x00007ff934190000 - 0x00007ff9341c3000 	C:\WINDOWS\SYSTEM32\WINMM.dll
0x00007ff9339f0000 - 0x00007ff9339fa000 	C:\WINDOWS\SYSTEM32\VERSION.dll
0x00007ff93bcb0000 - 0x00007ff93bd1f000 	C:\WINDOWS\System32\WS2_32.dll
0x00007ff9384c0000 - 0x00007ff9384d8000 	C:\WINDOWS\SYSTEM32\kernel.appcore.dll
0x00007ff934650000 - 0x00007ff93465a000 	D:\eclipse-java-2021-12-R-win32-x86_64\eclipse\plugins\org.eclipse.justj.openjdk.hotspot.jre.full.win32.x86_64_17.0.1.v20211116-1657\jre\bin\jimage.dll
0x00007ff932960000 - 0x00007ff932b81000 	C:\WINDOWS\SYSTEM32\DBGHELP.DLL
0x00007ff92b990000 - 0x00007ff92b9c1000 	C:\WINDOWS\SYSTEM32\dbgcore.DLL
0x00007ff939b20000 - 0x00007ff939b9f000 	C:\WINDOWS\System32\bcryptPrimitives.dll
0x00007ff8e9f70000 - 0x00007ff8e9f95000 	D:\eclipse-java-2021-12-R-win32-x86_64\eclipse\plugins\org.eclipse.justj.openjdk.hotspot.jre.full.win32.x86_64_17.0.1.v20211116-1657\jre\bin\java.dll
0x00007ff90c940000 - 0x00007ff90c958000 	D:\eclipse-java-2021-12-R-win32-x86_64\eclipse\plugins\org.eclipse.justj.openjdk.hotspot.jre.full.win32.x86_64_17.0.1.v20211116-1657\jre\bin\zip.dll
0x00007ff93a590000 - 0x00007ff93ad3f000 	C:\WINDOWS\System32\SHELL32.dll
0x00007ff937440000 - 0x00007ff937ca8000 	C:\WINDOWS\SYSTEM32\windows.storage.dll
0x00007ff93b930000 - 0x00007ff93bca8000 	C:\WINDOWS\System32\combase.dll
0x00007ff9372d0000 - 0x00007ff937436000 	C:\WINDOWS\SYSTEM32\wintypes.dll
0x00007ff93a2d0000 - 0x00007ff93a3ba000 	C:\WINDOWS\System32\SHCORE.dll
0x00007ff93bd20000 - 0x00007ff93bd7d000 	C:\WINDOWS\System32\shlwapi.dll
0x00007ff939240000 - 0x00007ff939261000 	C:\WINDOWS\SYSTEM32\profapi.dll
0x00007ff8b5aa0000 - 0x00007ff8b5c2e000 	D:\eclipse-java-2021-12-R-win32-x86_64\eclipse\plugins\org.eclipse.justj.openjdk.hotspot.jre.full.win32.x86_64_17.0.1.v20211116-1657\jre\bin\awt.dll
0x00007ff93b6b0000 - 0x00007ff93b786000 	C:\WINDOWS\System32\OLEAUT32.dll
0x00007ff936870000 - 0x00007ff936901000 	C:\WINDOWS\SYSTEM32\apphelp.dll
0x00007ff936dc0000 - 0x00007ff936def000 	C:\WINDOWS\system32\DWMAPI.DLL
0x00007ff936a20000 - 0x00007ff936acc000 	C:\WINDOWS\system32\uxtheme.dll
0x00007ff913a90000 - 0x00007ff913b91000 	C:\WINDOWS\system32\opengl32.dll
0x00007ff91efb0000 - 0x00007ff91efdd000 	C:\WINDOWS\SYSTEM32\GLU32.dll
0x00007ff936b20000 - 0x00007ff936b58000 	C:\WINDOWS\SYSTEM32\dxcore.dll
0x00007ff8dc990000 - 0x00007ff8dcac8000 	C:\ProgramData\A-Volute\A-Volute.Nahimic\Modules\Scheduled\x64\AudioDevProps2.dll
0x00007ff93a130000 - 0x00007ff93a2ca000 	C:\WINDOWS\System32\ole32.dll
0x00007ff93b790000 - 0x00007ff93b8ae000 	C:\WINDOWS\System32\MSCTF.dll
0x00007ff8bbb80000 - 0x00007ff8bbc09000 	D:\eclipse-java-2021-12-R-win32-x86_64\eclipse\plugins\org.eclipse.justj.openjdk.hotspot.jre.full.win32.x86_64_17.0.1.v20211116-1657\jre\bin\freetype.dll
0x00007ff8bbad0000 - 0x00007ff8bbb78000 	D:\eclipse-java-2021-12-R-win32-x86_64\eclipse\plugins\org.eclipse.justj.openjdk.hotspot.jre.full.win32.x86_64_17.0.1.v20211116-1657\jre\bin\fontmanager.dll
0x00007ff8e9f50000 - 0x00007ff8e9f69000 	D:\eclipse-java-2021-12-R-win32-x86_64\eclipse\plugins\org.eclipse.justj.openjdk.hotspot.jre.full.win32.x86_64_17.0.1.v20211116-1657\jre\bin\net.dll
0x00007ff933c00000 - 0x00007ff933d0c000 	C:\WINDOWS\SYSTEM32\WINHTTP.dll
0x00007ff938910000 - 0x00007ff938977000 	C:\WINDOWS\system32\mswsock.dll
0x00007ff8e9410000 - 0x00007ff8e9425000 	D:\eclipse-java-2021-12-R-win32-x86_64\eclipse\plugins\org.eclipse.justj.openjdk.hotspot.jre.full.win32.x86_64_17.0.1.v20211116-1657\jre\bin\nio.dll
0x00007ff90d150000 - 0x00007ff90d27d000 	C:\WINDOWS\SYSTEM32\textinputframework.dll
0x00007ff934510000 - 0x00007ff934579000 	C:\WINDOWS\system32\Oleacc.dll
0x00007ff8c3930000 - 0x00007ff8c395d000 	D:\eclipse-java-2021-12-R-win32-x86_64\eclipse\plugins\org.eclipse.justj.openjdk.hotspot.jre.full.win32.x86_64_17.0.1.v20211116-1657\jre\bin\javajpeg.dll
0x00007ff936580000 - 0x00007ff9366b2000 	C:\WINDOWS\SYSTEM32\CoreMessaging.dll
0x00007ff90c0c0000 - 0x00007ff90c42d000 	C:\WINDOWS\SYSTEM32\CoreUIComponents.dll
0x00007ff938b90000 - 0x00007ff938b9c000 	C:\WINDOWS\SYSTEM32\CRYPTBASE.DLL
0x00007ff93b540000 - 0x00007ff93b5ef000 	C:\WINDOWS\System32\clbcatq.dll
0x00007ff8e25f0000 - 0x00007ff8e27dd000 	C:\WINDOWS\system32\sogoutsf.ime
0x00007ff935ce0000 - 0x00007ff935ce7000 	C:\WINDOWS\system32\MSIMG32.dll
0x00007ff8e1be0000 - 0x00007ff8e2474000 	C:\WINDOWS\system32\SogouPy.ime
0x00007ff936c80000 - 0x00007ff936cb4000 	C:\WINDOWS\SYSTEM32\ntmarta.dll
0x00007ff8dd9e0000 - 0x00007ff8ddc4a000 	D:\Program Files (x86)\SogouInput\Components\PicFace\1.1.0.1879\PicFace64.dll
0x00007ff93b190000 - 0x00007ff93b27c000 	C:\WINDOWS\System32\COMDLG32.dll
0x0000000010000000 - 0x000000001011d000 	D:\Program Files (x86)\SogouInput\9.8.0.3746\Resource.dll
0x00007ff9033b0000 - 0x00007ff90345e000 	C:\WINDOWS\SYSTEM32\TextShaping.dll
0x00007ff935710000 - 0x00007ff935807000 	C:\WINDOWS\SYSTEM32\PROPSYS.dll
0x00007ff939000000 - 0x00007ff93904c000 	C:\WINDOWS\SYSTEM32\CFGMGR32.dll
0x00007ff910e80000 - 0x00007ff910e98000 	C:\WINDOWS\system32\NetworkExplorer.dll
0x00007ff910e00000 - 0x00007ff910e77000 	C:\Windows\System32\Windows.FileExplorer.Common.dll
0x00007ff933000000 - 0x00007ff9332b3000 	C:\Windows\System32\iertutil.dll
0x00007ff8f5410000 - 0x00007ff8f5436000 	C:\WINDOWS\SYSTEM32\edputil.dll
0x00007ff900c80000 - 0x00007ff900cd9000 	C:\WINDOWS\SYSTEM32\VAULTCLI.dll
0x00007ff912a30000 - 0x00007ff912b64000 	C:\Windows\System32\Windows.StateRepositoryPS.dll
0x00007ff933300000 - 0x00007ff9334ef000 	C:\WINDOWS\SYSTEM32\urlmon.dll
0x00007ff9332c0000 - 0x00007ff9332e8000 	C:\WINDOWS\SYSTEM32\srvcli.dll
0x00007ff937ef0000 - 0x00007ff937efc000 	C:\WINDOWS\SYSTEM32\netutils.dll
0x00007ff9386f0000 - 0x00007ff938732000 	C:\WINDOWS\SYSTEM32\SspiCli.dll
0x00007ff8f53e0000 - 0x00007ff8f5402000 	C:\Windows\System32\cldapi.dll
0x00007ff8f8a40000 - 0x00007ff8f8aec000 	C:\Windows\System32\appresolver.dll
0x00007ff938a20000 - 0x00007ff938a49000 	C:\Windows\System32\USERENV.dll
0x00007ff90d010000 - 0x00007ff90d075000 	C:\Windows\System32\Bcp47Langs.dll
0x00007ff91b930000 - 0x00007ff91c146000 	C:\Windows\System32\OneCoreUAPCommonProxyStub.dll

dbghelp: loaded successfully - version: 4.0.5 - missing functions: none
symbol engine: initialized successfully - sym options: 0x614 - pdb path: .;D:\eclipse-java-2021-12-R-win32-x86_64\eclipse\plugins\org.eclipse.justj.openjdk.hotspot.jre.full.win32.x86_64_17.0.1.v20211116-1657\jre\bin;C:\WINDOWS\SYSTEM32;C:\WINDOWS\WinSxS\amd64_microsoft.windows.common-controls_6595b64144ccf1df_6.0.22000.120_none_9d947278b86cc467;D:\eclipse-java-2021-12-R-win32-x86_64\eclipse\plugins\org.eclipse.justj.openjdk.hotspot.jre.full.win32.x86_64_17.0.1.v20211116-1657\jre\bin\server;C:\ProgramData\A-Volute\A-Volute.Nahimic\Modules\Scheduled\x64;D:\Program Files (x86)\SogouInput\Components\PicFace\1.1.0.1879;D:\Program Files (x86)\SogouInput\9.8.0.3746

VM Arguments:
jvm_args: -Dfile.encoding=UTF-8 -XX:+ShowCodeDetailsInExceptionMessages 
java_command: com.game.GameWindow
java_class_path (initial): D:\Javaworkspace\Game\bin
Launcher Type: SUN_STANDARD

[Global flags]
     intx CICompilerCount                          = 4                                         {product} {ergonomic}
     uint ConcGCThreads                            = 2                                         {product} {ergonomic}
     uint G1ConcRefinementThreads                  = 8                                         {product} {ergonomic}
   size_t G1HeapRegionSize                         = 2097152                                   {product} {ergonomic}
    uintx GCDrainStackTargetSize                   = 64                                        {product} {ergonomic}
   size_t InitialHeapSize                          = 266338304                                 {product} {ergonomic}
   size_t MarkStackSize                            = 4194304                                   {product} {ergonomic}
   size_t MaxHeapSize                              = 4250927104                                {product} {ergonomic}
   size_t MaxNewSize                               = 2550136832                                {product} {ergonomic}
   size_t MinHeapDeltaBytes                        = 2097152                                   {product} {ergonomic}
   size_t MinHeapSize                              = 8388608                                   {product} {ergonomic}
    uintx NonNMethodCodeHeapSize                   = 5839372                                {pd product} {ergonomic}
    uintx NonProfiledCodeHeapSize                  = 122909434                              {pd product} {ergonomic}
    uintx ProfiledCodeHeapSize                     = 122909434                              {pd product} {ergonomic}
    uintx ReservedCodeCacheSize                    = 251658240                              {pd product} {ergonomic}
     bool SegmentedCodeCache                       = true                                      {product} {ergonomic}
     bool ShowCodeDetailsInExceptionMessages       = true                                   {manageable} {command line}
   size_t SoftMaxHeapSize                          = 4250927104                             {manageable} {ergonomic}
     bool UseCompressedClassPointers               = true                           {product lp64_product} {ergonomic}
     bool UseCompressedOops                        = true                           {product lp64_product} {ergonomic}
     bool UseG1GC                                  = true                                      {product} {ergonomic}
     bool UseLargePagesIndividualAllocation        = false                                  {pd product} {ergonomic}

Logging:
Log output configuration:
 #0: stdout all=warning uptime,level,tags
 #1: stderr all=off uptime,level,tags

Environment Variables:
JAVA_HOME=C:\Program Files (x86)\Java\jre1.8.0_301
CLASSPATH=.;C:\Program Files (x86)\Java\jre1.8.0_301\lib\dt.jar;C:\Program Files (x86)\Java\jre1.8.0_301\lib\tools.jar;   
PATH=D:/eclipse-java-2021-12-R-win32-x86_64/eclipse//plugins/org.eclipse.justj.openjdk.hotspot.jre.full.win32.x86_64_17.0.1.v20211116-1657/jre/bin/server;D:/eclipse-java-2021-12-R-win32-x86_64/eclipse//plugins/org.eclipse.justj.openjdk.hotspot.jre.full.win32.x86_64_17.0.1.v20211116-1657/jre/bin;D:\Program Files (x86)\Anaconda3;D:\Program Files (x86)\Anaconda3\Library\mingw-w64\bin;D:\Program Files (x86)\Anaconda3\Library\usr\bin;D:\Program Files (x86)\Anaconda3\Library\bin;D:\Program Files (x86)\Anaconda3\Scripts;C:\Program Files\Common Files\Oracle\Java\javapath;C:\Program Files (x86)\Common Files\Oracle\Java\javapath;C:\Windows\system32;C:\Windows;C:\Windows\System32\Wbem;C:\Windows\System32\WindowsPowerShell\v1.0\;C:\Windows\System32\OpenSSH\;C:\Program Files\NVIDIA Corporation\NVIDIA NvDLISR;C:\Program Files (x86)\Microsoft SQL Server\110\Tools\Binn\;C:\Program Files\Microsoft SQL Server\110\Tools\Binn\;C:\Program Files\Microsoft SQL Server\110\DTS\Binn\;C:\WINDOWS\system32;C:\WINDOWS;C:\WINDOWS\System32\Wbem;C:\WINDOWS\System32\WindowsPowerShell\v1.0\;C:\WINDOWS\System32\OpenSSH\;D:\jdk11\jdk-11.0.12\bin;C:\Program Files (x86)\Java\jre1.8.0_301\bin;C:\Program Files (x86)\Java\jre1.8.0_301\jre\bin;C:\Program Files (x86)\Dev-Cpp\MinGW64\bin;C:\Program Files (x86)\Java\jre1.8.0_311\bin;D:\Program Files (x86)\mysql-8.0.11-winx64\bin;D:\Program Files (x86)\Git\cmd;C:\Program Files\Docker\Docker\resources\bin;C:\ProgramData\DockerDesktop\version-bin;C:\ProgramData\chocolatey\bin;C:\Program Files\PuTTY\;D:\Hugo;D:\Program Files (x86)\;C:\Users\1\AppData\Local\Microsoft\WindowsApps;;D:\Program Files (x86)\PyCharm Community Edition 2021.2.3\bin;;C:\Users\1\AppData\Local\Programs\Microsoft VS Code\bin;C:\Users\1\AppData\Roaming\npm;D:\eclipse-java-2021-12-R-win32-x86_64\eclipse;
USERNAME=1
OS=Windows_NT
PROCESSOR_IDENTIFIER=Intel64 Family 6 Model 142 Stepping 12, GenuineIntel



---------------  S Y S T E M  ---------------

OS:
 Windows 10 , 64 bit Build 22000 (10.0.22000.675)
OS uptime: 9 days 8:15 hours
Hyper-V role detected

CPU: total 8 (initial active 8) (4 cores per cpu, 2 threads per core) family 6 model 142 stepping 12 microcode 0xde, cx8, cmov, fxsr, ht, mmx, 3dnowpref, sse, sse2, sse3, ssse3, sse4.1, sse4.2, popcnt, lzcnt, tsc, tscinvbit, avx, avx2, aes, erms, clmul, bmi1, bmi2, adx, fma, vzeroupper, clflush, clflushopt, hv

Memory: 4k page, system-wide physical 16212M (2102M free)
TotalPageFile size 65278M (AvailPageFile size 5M)
current process WorkingSet (physical memory assigned to process): 149M, peak: 149M
current process commit charge ("private bytes"): 375M, peak: 378M

vm_info: OpenJDK 64-Bit Server VM (17.0.1+12) for windows-amd64 JRE (17.0.1+12), built on Oct 20 2021 07:42:55 by "" with MS VC++ 16.7 (VS2019)

END.
